<?xml version="1.0" encoding="UTF-8"?>
<testng-results skipped="0" failed="1" ignored="0" total="1" passed="0">
  <reporter-output>
  </reporter-output>
  <suite name="Default suite" duration-ms="20171" started-at="2021-11-18T15:07:09 IST" finished-at="2021-11-18T15:07:30 IST">
    <groups>
    </groups>
    <test name="Default test" duration-ms="20171" started-at="2021-11-18T15:07:09 IST" finished-at="2021-11-18T15:07:30 IST">
      <class name="com.bigsmall.runner.Runner">
        <test-method status="PASS" signature="setup()[pri:0, instance:com.bigsmall.runner.Runner@6321e813]" name="setup" is-config="true" duration-ms="227" started-at="2021-11-18T15:07:09 IST" finished-at="2021-11-18T15:07:10 IST">
          <reporter-output>
          </reporter-output>
        </test-method> <!-- setup -->
        <test-method status="PASS" signature="initilize()[pri:0, instance:com.bigsmall.runner.Runner@6321e813]" name="initilize" is-config="true" duration-ms="3057" started-at="2021-11-18T15:07:10 IST" finished-at="2021-11-18T15:07:13 IST">
          <reporter-output>
          </reporter-output>
        </test-method> <!-- initilize -->
        <test-method status="FAIL" signature="checkWishList()[pri:5, instance:com.bigsmall.runner.Runner@6321e813]" name="checkWishList" duration-ms="16562" started-at="2021-11-18T15:07:13 IST" finished-at="2021-11-18T15:07:29 IST">
          <exception class="java.lang.AssertionError">
            <message>
              <![CDATA[Couldn't navigated to the wishList Page. did not expect to find [true] but found [false]]]>
            </message>
            <full-stacktrace>
              <![CDATA[java.lang.AssertionError: Couldn't navigated to the wishList Page. did not expect to find [true] but found [false]
at org.testng.Assert.fail(Assert.java:97)
at org.testng.Assert.failNotEquals(Assert.java:969)
at org.testng.Assert.assertTrue(Assert.java:43)
at com.bigsmall.pageObjects.HomePage.wishList(HomePage.java:68)
at com.bigsmall.runner.Runner.checkWishList(Runner.java:126)
at sun.reflect.NativeMethodAccessorImpl.invoke0(Native Method)
at sun.reflect.NativeMethodAccessorImpl.invoke(Unknown Source)
at sun.reflect.DelegatingMethodAccessorImpl.invoke(Unknown Source)
at java.lang.reflect.Method.invoke(Unknown Source)
at org.testng.internal.MethodInvocationHelper.invokeMethod(MethodInvocationHelper.java:133)
at org.testng.internal.TestInvoker.invokeMethod(TestInvoker.java:584)
at org.testng.internal.TestInvoker.invokeTestMethod(TestInvoker.java:172)
at org.testng.internal.MethodRunner.runInSequence(MethodRunner.java:46)
at org.testng.internal.TestInvoker$MethodInvocationAgent.invoke(TestInvoker.java:804)
at org.testng.internal.TestInvoker.invokeTestMethods(TestInvoker.java:145)
at org.testng.internal.TestMethodWorker.invokeTestMethods(TestMethodWorker.java:146)
at org.testng.internal.TestMethodWorker.run(TestMethodWorker.java:128)
at java.util.ArrayList.forEach(Unknown Source)
at org.testng.TestRunner.privateRun(TestRunner.java:770)
at org.testng.TestRunner.run(TestRunner.java:591)
at org.testng.SuiteRunner.runTest(SuiteRunner.java:402)
at org.testng.SuiteRunner.runSequentially(SuiteRunner.java:396)
at org.testng.SuiteRunner.privateRun(SuiteRunner.java:355)
at org.testng.SuiteRunner.run(SuiteRunner.java:304)
at org.testng.SuiteRunnerWorker.runSuite(SuiteRunnerWorker.java:53)
at org.testng.SuiteRunnerWorker.run(SuiteRunnerWorker.java:96)
at org.testng.TestNG.runSuitesSequentially(TestNG.java:1180)
at org.testng.TestNG.runSuitesLocally(TestNG.java:1102)
at org.testng.TestNG.runSuites(TestNG.java:1032)
at org.testng.TestNG.run(TestNG.java:1000)
at org.testng.remote.AbstractRemoteTestNG.run(AbstractRemoteTestNG.java:115)
at org.testng.remote.RemoteTestNG.initAndRun(RemoteTestNG.java:251)
at org.testng.remote.RemoteTestNG.main(RemoteTestNG.java:77)
]]>
            </full-stacktrace>
          </exception> <!-- java.lang.AssertionError -->
          <reporter-output>
          </reporter-output>
        </test-method> <!-- checkWishList -->
        <test-method status="PASS" signature="close()[pri:0, instance:com.bigsmall.runner.Runner@6321e813]" name="close" is-config="true" duration-ms="269" started-at="2021-11-18T15:07:29 IST" finished-at="2021-11-18T15:07:30 IST">
          <reporter-output>
          </reporter-output>
        </test-method> <!-- close -->
      </class> <!-- com.bigsmall.runner.Runner -->
    </test> <!-- Default test -->
  </suite> <!-- Default suite -->
</testng-results>
