<?xml version="1.0" encoding="UTF-8"?>
<testng-results skipped="0" failed="1" ignored="0" total="10" passed="9">
  <reporter-output>
  </reporter-output>
  <suite name="Default suite" duration-ms="226461" started-at="2021-11-23T16:34:19 IST" finished-at="2021-11-23T16:38:05 IST">
    <groups>
    </groups>
    <test name="Default test" duration-ms="226461" started-at="2021-11-23T16:34:19 IST" finished-at="2021-11-23T16:38:05 IST">
      <class name="com.bigsmall.runner.Runner">
        <test-method status="PASS" signature="setup()[pri:0, instance:com.bigsmall.runner.Runner@57855c9a]" name="setup" is-config="true" duration-ms="460" started-at="2021-11-23T16:34:19 IST" finished-at="2021-11-23T16:34:19 IST">
          <reporter-output>
          </reporter-output>
        </test-method> <!-- setup -->
        <test-method status="PASS" signature="initilize()[pri:0, instance:com.bigsmall.runner.Runner@57855c9a]" name="initilize" is-config="true" duration-ms="5356" started-at="2021-11-23T16:34:19 IST" finished-at="2021-11-23T16:34:24 IST">
          <reporter-output>
          </reporter-output>
        </test-method> <!-- initilize -->
        <test-method status="PASS" signature="navigateToBaseURL()[pri:1, instance:com.bigsmall.runner.Runner@57855c9a]" name="navigateToBaseURL" duration-ms="10602" started-at="2021-11-23T16:34:24 IST" finished-at="2021-11-23T16:34:35 IST">
          <reporter-output>
          </reporter-output>
        </test-method> <!-- navigateToBaseURL -->
        <test-method status="PASS" signature="close()[pri:0, instance:com.bigsmall.runner.Runner@57855c9a]" name="close" is-config="true" duration-ms="4443" started-at="2021-11-23T16:34:35 IST" finished-at="2021-11-23T16:34:39 IST">
          <reporter-output>
          </reporter-output>
        </test-method> <!-- close -->
        <test-method status="PASS" signature="initilize()[pri:0, instance:com.bigsmall.runner.Runner@57855c9a]" name="initilize" is-config="true" duration-ms="2599" started-at="2021-11-23T16:34:40 IST" finished-at="2021-11-23T16:34:42 IST">
          <reporter-output>
          </reporter-output>
        </test-method> <!-- initilize -->
        <test-method status="PASS" signature="validateHomePage()[pri:2, instance:com.bigsmall.runner.Runner@57855c9a]" name="validateHomePage" duration-ms="16316" started-at="2021-11-23T16:34:42 IST" finished-at="2021-11-23T16:34:58 IST">
          <reporter-output>
          </reporter-output>
        </test-method> <!-- validateHomePage -->
        <test-method status="PASS" signature="close()[pri:0, instance:com.bigsmall.runner.Runner@57855c9a]" name="close" is-config="true" duration-ms="4312" started-at="2021-11-23T16:34:58 IST" finished-at="2021-11-23T16:35:03 IST">
          <reporter-output>
          </reporter-output>
        </test-method> <!-- close -->
        <test-method status="PASS" signature="initilize()[pri:0, instance:com.bigsmall.runner.Runner@57855c9a]" name="initilize" is-config="true" duration-ms="2861" started-at="2021-11-23T16:35:03 IST" finished-at="2021-11-23T16:35:06 IST">
          <reporter-output>
          </reporter-output>
        </test-method> <!-- initilize -->
        <test-method status="PASS" signature="checkSignIn()[pri:3, instance:com.bigsmall.runner.Runner@57855c9a]" name="checkSignIn" duration-ms="13421" started-at="2021-11-23T16:35:06 IST" finished-at="2021-11-23T16:35:19 IST">
          <reporter-output>
          </reporter-output>
        </test-method> <!-- checkSignIn -->
        <test-method status="PASS" signature="close()[pri:0, instance:com.bigsmall.runner.Runner@57855c9a]" name="close" is-config="true" duration-ms="383" started-at="2021-11-23T16:35:19 IST" finished-at="2021-11-23T16:35:19 IST">
          <reporter-output>
          </reporter-output>
        </test-method> <!-- close -->
        <test-method status="PASS" signature="initilize()[pri:0, instance:com.bigsmall.runner.Runner@57855c9a]" name="initilize" is-config="true" duration-ms="3065" started-at="2021-11-23T16:35:19 IST" finished-at="2021-11-23T16:35:22 IST">
          <reporter-output>
          </reporter-output>
        </test-method> <!-- initilize -->
        <test-method status="PASS" signature="searchAndAddProduct()[pri:4, instance:com.bigsmall.runner.Runner@57855c9a]" name="searchAndAddProduct" duration-ms="30216" started-at="2021-11-23T16:35:22 IST" finished-at="2021-11-23T16:35:53 IST">
          <reporter-output>
          </reporter-output>
        </test-method> <!-- searchAndAddProduct -->
        <test-method status="PASS" signature="close()[pri:0, instance:com.bigsmall.runner.Runner@57855c9a]" name="close" is-config="true" duration-ms="466" started-at="2021-11-23T16:35:53 IST" finished-at="2021-11-23T16:35:53 IST">
          <reporter-output>
          </reporter-output>
        </test-method> <!-- close -->
        <test-method status="PASS" signature="initilize()[pri:0, instance:com.bigsmall.runner.Runner@57855c9a]" name="initilize" is-config="true" duration-ms="3358" started-at="2021-11-23T16:35:53 IST" finished-at="2021-11-23T16:35:57 IST">
          <reporter-output>
          </reporter-output>
        </test-method> <!-- initilize -->
        <test-method status="FAIL" signature="checkWishList()[pri:5, instance:com.bigsmall.runner.Runner@57855c9a]" name="checkWishList" duration-ms="13075" started-at="2021-11-23T16:35:57 IST" finished-at="2021-11-23T16:36:10 IST">
          <exception class="java.lang.AssertionError">
            <message>
              <![CDATA[Couldn't navigated to the wishList Page. did not expect to find [true] but found [false]]]>
            </message>
            <full-stacktrace>
              <![CDATA[java.lang.AssertionError: Couldn't navigated to the wishList Page. did not expect to find [true] but found [false]
at org.testng.Assert.fail(Assert.java:97)
at org.testng.Assert.failNotEquals(Assert.java:969)
at org.testng.Assert.assertTrue(Assert.java:43)
at com.bigsmall.pageObjects.HomePage.wishList(HomePage.java:68)
at com.bigsmall.runner.Runner.checkWishList(Runner.java:124)
at sun.reflect.NativeMethodAccessorImpl.invoke0(Native Method)
at sun.reflect.NativeMethodAccessorImpl.invoke(Unknown Source)
at sun.reflect.DelegatingMethodAccessorImpl.invoke(Unknown Source)
at java.lang.reflect.Method.invoke(Unknown Source)
at org.testng.internal.MethodInvocationHelper.invokeMethod(MethodInvocationHelper.java:133)
at org.testng.internal.TestInvoker.invokeMethod(TestInvoker.java:584)
at org.testng.internal.TestInvoker.invokeTestMethod(TestInvoker.java:172)
at org.testng.internal.MethodRunner.runInSequence(MethodRunner.java:46)
at org.testng.internal.TestInvoker$MethodInvocationAgent.invoke(TestInvoker.java:804)
at org.testng.internal.TestInvoker.invokeTestMethods(TestInvoker.java:145)
at org.testng.internal.TestMethodWorker.invokeTestMethods(TestMethodWorker.java:146)
at org.testng.internal.TestMethodWorker.run(TestMethodWorker.java:128)
at java.util.ArrayList.forEach(Unknown Source)
at org.testng.TestRunner.privateRun(TestRunner.java:770)
at org.testng.TestRunner.run(TestRunner.java:591)
at org.testng.SuiteRunner.runTest(SuiteRunner.java:402)
at org.testng.SuiteRunner.runSequentially(SuiteRunner.java:396)
at org.testng.SuiteRunner.privateRun(SuiteRunner.java:355)
at org.testng.SuiteRunner.run(SuiteRunner.java:304)
at org.testng.SuiteRunnerWorker.runSuite(SuiteRunnerWorker.java:53)
at org.testng.SuiteRunnerWorker.run(SuiteRunnerWorker.java:96)
at org.testng.TestNG.runSuitesSequentially(TestNG.java:1180)
at org.testng.TestNG.runSuitesLocally(TestNG.java:1102)
at org.testng.TestNG.runSuites(TestNG.java:1032)
at org.testng.TestNG.run(TestNG.java:1000)
at org.testng.remote.AbstractRemoteTestNG.run(AbstractRemoteTestNG.java:115)
at org.testng.remote.RemoteTestNG.initAndRun(RemoteTestNG.java:251)
at org.testng.remote.RemoteTestNG.main(RemoteTestNG.java:77)
]]>
            </full-stacktrace>
          </exception> <!-- java.lang.AssertionError -->
          <reporter-output>
          </reporter-output>
        </test-method> <!-- checkWishList -->
        <test-method status="PASS" signature="close()[pri:0, instance:com.bigsmall.runner.Runner@57855c9a]" name="close" is-config="true" duration-ms="451" started-at="2021-11-23T16:36:10 IST" finished-at="2021-11-23T16:36:10 IST">
          <reporter-output>
          </reporter-output>
        </test-method> <!-- close -->
        <test-method status="PASS" signature="initilize()[pri:0, instance:com.bigsmall.runner.Runner@57855c9a]" name="initilize" is-config="true" duration-ms="2903" started-at="2021-11-23T16:36:10 IST" finished-at="2021-11-23T16:36:13 IST">
          <reporter-output>
          </reporter-output>
        </test-method> <!-- initilize -->
        <test-method status="PASS" signature="signInCheck()[pri:6, instance:com.bigsmall.runner.Runner@57855c9a]" name="signInCheck" duration-ms="28490" started-at="2021-11-23T16:36:13 IST" finished-at="2021-11-23T16:36:41 IST">
          <reporter-output>
          </reporter-output>
        </test-method> <!-- signInCheck -->
        <test-method status="PASS" signature="close()[pri:0, instance:com.bigsmall.runner.Runner@57855c9a]" name="close" is-config="true" duration-ms="4356" started-at="2021-11-23T16:36:41 IST" finished-at="2021-11-23T16:36:46 IST">
          <reporter-output>
          </reporter-output>
        </test-method> <!-- close -->
        <test-method status="PASS" signature="initilize()[pri:0, instance:com.bigsmall.runner.Runner@57855c9a]" name="initilize" is-config="true" duration-ms="3458" started-at="2021-11-23T16:36:46 IST" finished-at="2021-11-23T16:36:49 IST">
          <reporter-output>
          </reporter-output>
        </test-method> <!-- initilize -->
        <test-method status="PASS" signature="checkAvailablity()[pri:7, instance:com.bigsmall.runner.Runner@57855c9a]" name="checkAvailablity" duration-ms="17457" started-at="2021-11-23T16:36:49 IST" finished-at="2021-11-23T16:37:07 IST">
          <reporter-output>
          </reporter-output>
        </test-method> <!-- checkAvailablity -->
        <test-method status="PASS" signature="close()[pri:0, instance:com.bigsmall.runner.Runner@57855c9a]" name="close" is-config="true" duration-ms="421" started-at="2021-11-23T16:37:07 IST" finished-at="2021-11-23T16:37:07 IST">
          <reporter-output>
          </reporter-output>
        </test-method> <!-- close -->
        <test-method status="PASS" signature="initilize()[pri:0, instance:com.bigsmall.runner.Runner@57855c9a]" name="initilize" is-config="true" duration-ms="3181" started-at="2021-11-23T16:37:07 IST" finished-at="2021-11-23T16:37:10 IST">
          <reporter-output>
          </reporter-output>
        </test-method> <!-- initilize -->
        <test-method status="PASS" signature="contactUs()[pri:8, instance:com.bigsmall.runner.Runner@57855c9a]" name="contactUs" duration-ms="19107" started-at="2021-11-23T16:37:10 IST" finished-at="2021-11-23T16:37:29 IST">
          <reporter-output>
          </reporter-output>
        </test-method> <!-- contactUs -->
        <test-method status="PASS" signature="close()[pri:0, instance:com.bigsmall.runner.Runner@57855c9a]" name="close" is-config="true" duration-ms="388" started-at="2021-11-23T16:37:29 IST" finished-at="2021-11-23T16:37:30 IST">
          <reporter-output>
          </reporter-output>
        </test-method> <!-- close -->
        <test-method status="PASS" signature="initilize()[pri:0, instance:com.bigsmall.runner.Runner@57855c9a]" name="initilize" is-config="true" duration-ms="2822" started-at="2021-11-23T16:37:30 IST" finished-at="2021-11-23T16:37:33 IST">
          <reporter-output>
          </reporter-output>
        </test-method> <!-- initilize -->
        <test-method status="PASS" signature="trackOrder()[pri:9, instance:com.bigsmall.runner.Runner@57855c9a]" name="trackOrder" duration-ms="14697" started-at="2021-11-23T16:37:33 IST" finished-at="2021-11-23T16:37:47 IST">
          <reporter-output>
          </reporter-output>
        </test-method> <!-- trackOrder -->
        <test-method status="PASS" signature="close()[pri:0, instance:com.bigsmall.runner.Runner@57855c9a]" name="close" is-config="true" duration-ms="360" started-at="2021-11-23T16:37:47 IST" finished-at="2021-11-23T16:37:48 IST">
          <reporter-output>
          </reporter-output>
        </test-method> <!-- close -->
        <test-method status="PASS" signature="initilize()[pri:0, instance:com.bigsmall.runner.Runner@57855c9a]" name="initilize" is-config="true" duration-ms="2813" started-at="2021-11-23T16:37:48 IST" finished-at="2021-11-23T16:37:51 IST">
          <reporter-output>
          </reporter-output>
        </test-method> <!-- initilize -->
        <test-method status="PASS" signature="aboutUs()[pri:10, instance:com.bigsmall.runner.Runner@57855c9a]" name="aboutUs" duration-ms="14072" started-at="2021-11-23T16:37:51 IST" finished-at="2021-11-23T16:38:05 IST">
          <reporter-output>
          </reporter-output>
        </test-method> <!-- aboutUs -->
        <test-method status="PASS" signature="close()[pri:0, instance:com.bigsmall.runner.Runner@57855c9a]" name="close" is-config="true" duration-ms="321" started-at="2021-11-23T16:38:05 IST" finished-at="2021-11-23T16:38:05 IST">
          <reporter-output>
          </reporter-output>
        </test-method> <!-- close -->
        <test-method status="PASS" signature="tearDown()[pri:0, instance:com.bigsmall.runner.Runner@57855c9a]" name="tearDown" is-config="true" duration-ms="64" started-at="2021-11-23T16:38:05 IST" finished-at="2021-11-23T16:38:05 IST">
          <reporter-output>
          </reporter-output>
        </test-method> <!-- tearDown -->
      </class> <!-- com.bigsmall.runner.Runner -->
    </test> <!-- Default test -->
  </suite> <!-- Default suite -->
</testng-results>
